<?xml version="1.0" encoding="UTF-8"?>
<testng-results ignored="0" total="1" passed="1" failed="0" skipped="0">
  <reporter-output>
  </reporter-output>
  <suite started-at="2025-06-04T20:40:56 IST" name="Default suite" finished-at="2025-06-04T20:41:08 IST" duration-ms="11405">
    <groups>
    </groups>
    <test started-at="2025-06-04T20:40:56 IST" name="Default test" finished-at="2025-06-04T20:41:08 IST" duration-ms="11405">
      <class name="testScript.JavaScriptExecutor">
        <test-method is-config="true" signature="browserInitialization()[pri:0, instance:testScript.JavaScriptExecutor@175c2241]" started-at="2025-06-04T20:40:56 IST" name="browserInitialization" finished-at="2025-06-04T20:41:05 IST" duration-ms="9033" status="PASS">
          <reporter-output>
          </reporter-output>
        </test-method> <!-- browserInitialization -->
        <test-method signature="scroll()[pri:0, instance:testScript.JavaScriptExecutor@175c2241]" started-at="2025-06-04T20:41:05 IST" name="scroll" finished-at="2025-06-04T20:41:08 IST" duration-ms="2308" status="PASS">
          <reporter-output>
          </reporter-output>
        </test-method> <!-- scroll -->
      </class> <!-- testScript.JavaScriptExecutor -->
    </test> <!-- Default test -->
  </suite> <!-- Default suite -->
</testng-results>
