<?xml version="1.0" encoding="UTF-8"?>
<!-- Generated by org.testng.reporters.JUnitXMLReporter -->
<testsuite ignored="1" hostname="DESKTOP-O90M1PQ" failures="0" tests="1" name="Default test" time="11.405" errors="0" timestamp="2025-06-04T20:41:08 IST">
  <testcase classname="testScript.JavaScriptExecutor" name="scroll" time="2.308"/>
  <testcase classname="testScript.JavaScriptExecutor" name="javaScriptExecutor" time="0.0">
    <ignored/>
  </testcase> <!-- javaScriptExecutor -->
</testsuite> <!-- Default test -->
